## ==============================================================
## File generated by Vivado(TM) HLS - High-Level Synthesis from C, C++ and SystemC
## Version: 2015.4
## Copyright (C) 2015 Xilinx Inc. All rights reserved.
## 
## ==============================================================


C:\Users\xiz36\Desktop\hw2_sobel\hw2_sobel\sobel\solution1\impl\verilog>vivado  -notrace -mode batch -source run_vivado.tcl   || exit $? 

****** Vivado v2015.4 (64-bit)
  **** SW Build 1412921 on Wed Nov 18 09:43:45 MST 2015
  **** IP Build 1412160 on Tue Nov 17 13:47:24 MST 2015
    ** Copyright 1986-2015 Xilinx, Inc. All Rights Reserved.

source run_vivado.tcl -notrace
[Mon Apr 18 02:17:08 2016] Launched synth_1...
Run output will be captured here: C:/Users/xiz36/Desktop/hw2_sobel/hw2_sobel/sobel/solution1/impl/verilog/project.runs/synth_1/runme.log
launch_runs: Time (s): cpu = 00:00:01 ; elapsed = 00:00:15 . Memory (MB): peak = 222.418 ; gain = 15.313
[Mon Apr 18 02:17:08 2016] Waiting for synth_1 to finish...

*** Running vivado
    with args -log sobel.vds -m64 -mode batch -messageDb vivado.pb -notrace -source sobel.tcl


****** Vivado v2015.4 (64-bit)
  **** SW Build 1412921 on Wed Nov 18 09:43:45 MST 2015
  **** IP Build 1412160 on Tue Nov 17 13:47:24 MST 2015
    ** Copyright 1986-2015 Xilinx, Inc. All Rights Reserved.

source sobel.tcl -notrace
Command: synth_design -top sobel -part xc7z020clg484-1 -no_iobuf -mode out_of_context
Starting synth_design
Attempting to get a license for feature 'Synthesis' and/or device 'xc7z020'
WARNING: [Common 17-348] Failed to get the license for feature 'Synthesis' and/or device 'xc7z020'
0 Infos, 1 Warnings, 0 Critical Warnings and 1 Errors encountered.
synth_design failed
ERROR: [Common 17-345] A valid license was not found for feature 'Synthesis' and/or device 'xc7z020'. Please run the Vivado License Manager for assistance in determining
which features and devices are licensed for your system.
Resolution: Check the status of your licenses in the Vivado License Manager. For debug help search Xilinx Support for "Licensing FAQ". 
INFO: [Common 17-206] Exiting Vivado at Mon Apr 18 02:17:46 2016...
[Mon Apr 18 02:17:48 2016] synth_1 finished
wait_on_run: Time (s): cpu = 00:00:00 ; elapsed = 00:00:40 . Memory (MB): peak = 228.316 ; gain = 5.898
INFO: [Common 17-206] Exiting Vivado at Mon Apr 18 02:17:48 2016...
